SF:/Users/davidsedlar/dev/packages/webfeed/lib/util/datetime.dart
DA:6,12
DA:14,12
DA:27,4
DA:28,12
DA:29,8
DA:31,4
DA:32,4
DA:33,4
DA:36,4
DA:37,4
DA:40,12
DA:41,12
DA:42,27
DA:49,4
DA:51,12
DA:52,4
DA:53,4
DA:54,4
DA:55,4
DA:62,4
DA:63,8
DA:65,4
DA:66,4
DA:74,4
DA:76,4
DA:77,1
DA:82,1
DA:83,0
DA:84,0
DA:86,0
LF:30
LH:27
end_of_record
SF:/Users/davidsedlar/dev/packages/webfeed/lib/util/xml.dart
DA:6,3
DA:14,0
DA:16,3
DA:18,0
DA:24,3
DA:29,3
DA:30,3
DA:35,9
DA:36,9
DA:37,12
DA:42,3
DA:43,6
DA:47,1
DA:51,2
DA:52,1
DA:60,3
DA:61,12
DA:63,4
DA:67,0
DA:69,0
DA:71,0
DA:72,0
DA:76,0
DA:77,0
DA:79,0
DA:87,1
DA:89,1
DA:95,0
DA:96,0
DA:97,0
DA:98,0
DA:99,0
LF:32
LH:18
end_of_record
SF:/Users/davidsedlar/dev/packages/webfeed/lib/util/iterable.dart
DA:2,12
LF:1
LH:1
end_of_record
SF:/Users/davidsedlar/dev/packages/webfeed/lib/domain/rss_content.dart
DA:14,3
DA:16,3
DA:17,3
DA:20,3
DA:21,3
DA:27,9
DA:28,3
DA:29,3
DA:30,3
DA:35,3
DA:41,7
DA:42,1
DA:43,1
DA:44,1
DA:49,3
DA:50,3
DA:56,7
DA:57,1
DA:58,1
DA:59,1
DA:64,3
DA:65,3
DA:71,8
DA:72,2
DA:73,2
DA:74,2
DA:79,3
DA:81,3
DA:85,3
DA:86,3
DA:90,6
DA:91,6
DA:92,6
DA:93,6
DA:94,3
DA:95,3
DA:96,3
DA:97,3
DA:98,3
DA:99,3
DA:102,6
DA:105,6
DA:107,3
LF:43
LH:43
end_of_record
SF:/Users/davidsedlar/dev/packages/webfeed/lib/domain/atom_category.dart
DA:8,2
DA:10,2
DA:11,2
DA:12,2
DA:13,2
DA:14,2
LF:6
LH:6
end_of_record
SF:/Users/davidsedlar/dev/packages/webfeed/lib/domain/atom_feed.dart
DA:26,2
DA:42,2
DA:43,2
DA:44,4
DA:46,1
DA:49,2
DA:50,6
DA:51,6
DA:53,8
DA:55,2
DA:56,6
DA:57,2
DA:59,2
DA:60,6
DA:61,2
DA:63,2
DA:64,4
DA:65,2
DA:67,2
DA:68,4
DA:69,2
DA:71,2
DA:72,4
DA:73,2
DA:75,2
DA:76,4
DA:77,2
DA:78,6
DA:79,5
DA:80,4
DA:81,6
LF:31
LH:31
end_of_record
SF:/Users/davidsedlar/dev/packages/webfeed/lib/domain/atom_generator.dart
DA:8,1
DA:10,1
DA:11,1
DA:12,1
DA:13,1
DA:14,1
LF:6
LH:6
end_of_record
SF:/Users/davidsedlar/dev/packages/webfeed/lib/domain/atom_item.dart
DA:26,2
DA:42,2
DA:43,2
DA:44,6
DA:45,6
DA:46,8
DA:48,2
DA:49,6
DA:50,2
DA:52,10
DA:54,2
DA:55,6
DA:56,2
DA:58,2
DA:59,4
DA:60,2
DA:62,2
DA:63,4
DA:64,2
DA:65,6
DA:66,6
DA:67,6
DA:68,5
DA:69,2
LF:24
LH:24
end_of_record
SF:/Users/davidsedlar/dev/packages/webfeed/lib/domain/atom_link.dart
DA:11,2
DA:20,2
DA:21,2
DA:22,2
DA:23,2
DA:24,2
DA:25,2
DA:27,2
DA:28,2
DA:30,2
LF:10
LH:10
end_of_record
SF:/Users/davidsedlar/dev/packages/webfeed/lib/domain/atom_person.dart
DA:9,2
DA:11,2
DA:12,2
DA:13,6
DA:14,5
DA:15,5
LF:6
LH:6
end_of_record
SF:/Users/davidsedlar/dev/packages/webfeed/lib/domain/atom_source.dart
DA:9,1
DA:15,1
DA:16,1
DA:17,3
DA:18,3
DA:19,3
LF:6
LH:6
end_of_record
SF:/Users/davidsedlar/dev/packages/webfeed/lib/domain/media/media.dart
DA:53,3
DA:81,3
DA:82,3
DA:84,3
DA:85,7
DA:86,3
DA:88,3
DA:89,9
DA:90,3
DA:92,3
DA:93,7
DA:94,3
DA:96,3
DA:97,7
DA:98,3
DA:100,3
DA:101,7
DA:102,3
DA:103,3
DA:104,7
DA:105,3
DA:107,3
DA:108,7
DA:109,3
DA:110,9
DA:112,3
DA:113,9
DA:114,3
DA:116,3
DA:117,7
DA:118,3
DA:120,3
DA:121,7
DA:122,3
DA:124,3
DA:125,7
DA:126,3
DA:128,3
DA:129,7
DA:130,3
DA:132,3
DA:133,7
DA:134,3
DA:136,3
DA:137,7
DA:138,3
DA:140,3
DA:141,3
DA:142,2
DA:143,6
DA:144,2
DA:145,3
DA:147,3
DA:148,7
DA:149,3
DA:151,3
DA:152,3
DA:153,2
DA:154,6
DA:155,2
DA:156,3
DA:158,3
DA:159,3
DA:160,2
DA:161,6
DA:162,2
DA:163,3
DA:165,3
DA:166,7
DA:167,3
DA:169,3
DA:170,7
DA:171,3
DA:173,3
DA:174,7
DA:175,3
DA:177,3
DA:178,7
DA:179,3
DA:181,3
DA:182,7
DA:183,3
DA:185,3
DA:186,3
DA:187,2
DA:188,6
DA:189,2
DA:190,3
LF:88
LH:88
end_of_record
SF:/Users/davidsedlar/dev/packages/webfeed/lib/domain/dublin_core/dublin_core.dart
DA:24,2
DA:44,2
DA:45,2
DA:46,5
DA:47,6
DA:48,6
DA:49,5
DA:50,6
DA:51,6
DA:52,8
DA:54,7
DA:56,7
DA:57,5
DA:58,5
DA:59,5
DA:60,5
DA:61,6
DA:62,5
DA:63,5
DA:64,6
LF:20
LH:20
end_of_record
SF:/Users/davidsedlar/dev/packages/webfeed/lib/domain/itunes/itunes.dart
DA:29,2
DA:49,2
DA:51,5
DA:53,5
DA:55,5
DA:56,2
DA:57,5
DA:58,5
DA:59,2
DA:60,5
DA:61,5
DA:63,2
DA:64,4
DA:65,2
DA:67,2
DA:68,2
DA:69,1
DA:70,1
DA:71,3
DA:72,1
DA:73,2
DA:75,2
DA:76,4
DA:77,2
DA:79,2
DA:80,4
DA:81,2
DA:83,2
DA:84,4
DA:85,2
DA:86,5
DA:87,2
DA:88,2
DA:89,3
DA:90,3
DA:91,3
DA:93,2
DA:94,4
DA:95,2
DA:99,1
DA:103,1
DA:104,2
DA:105,0
DA:107,2
DA:108,4
DA:110,4
DA:111,1
LF:47
LH:46
end_of_record
SF:/Users/davidsedlar/dev/packages/webfeed/lib/domain/itunes/itunes_category.dart
DA:7,1
DA:9,1
DA:10,1
DA:11,2
DA:13,1
DA:14,4
DA:15,1
LF:7
LH:7
end_of_record
SF:/Users/davidsedlar/dev/packages/webfeed/lib/domain/itunes/itunes_episode_type.dart
DA:5,1
DA:6,1
DA:7,1
DA:9,0
DA:11,0
LF:5
LH:3
end_of_record
SF:/Users/davidsedlar/dev/packages/webfeed/lib/domain/itunes/itunes_image.dart
DA:6,1
DA:8,1
DA:9,1
DA:10,2
LF:4
LH:4
end_of_record
SF:/Users/davidsedlar/dev/packages/webfeed/lib/domain/itunes/itunes_owner.dart
DA:8,1
DA:10,1
DA:11,1
DA:12,4
DA:13,4
LF:5
LH:5
end_of_record
SF:/Users/davidsedlar/dev/packages/webfeed/lib/domain/itunes/itunes_type.dart
DA:5,1
DA:6,1
DA:7,1
DA:9,1
LF:4
LH:4
end_of_record
SF:/Users/davidsedlar/dev/packages/webfeed/lib/domain/media/category.dart
DA:8,2
DA:14,2
DA:15,2
DA:16,2
DA:17,2
DA:18,2
LF:6
LH:6
end_of_record
SF:/Users/davidsedlar/dev/packages/webfeed/lib/domain/media/community.dart
DA:12,2
DA:18,2
DA:19,2
DA:21,2
DA:22,6
DA:23,2
DA:25,2
DA:26,6
DA:27,2
DA:29,2
DA:30,6
DA:31,2
LF:12
LH:12
end_of_record
SF:/Users/davidsedlar/dev/packages/webfeed/lib/domain/media/star_rating.dart
DA:9,2
DA:16,2
DA:17,2
DA:18,4
DA:19,4
DA:20,4
DA:21,4
LF:7
LH:7
end_of_record
SF:/Users/davidsedlar/dev/packages/webfeed/lib/domain/media/statistics.dart
DA:7,2
DA:12,2
DA:13,2
DA:14,4
DA:15,4
LF:5
LH:5
end_of_record
SF:/Users/davidsedlar/dev/packages/webfeed/lib/domain/media/tags.dart
DA:7,2
DA:12,2
DA:13,2
DA:14,2
DA:15,4
LF:5
LH:5
end_of_record
SF:/Users/davidsedlar/dev/packages/webfeed/lib/domain/media/content.dart
DA:19,3
DA:36,3
DA:37,3
DA:38,3
DA:39,3
DA:40,6
DA:41,3
DA:42,6
DA:43,3
DA:44,6
DA:45,6
DA:46,3
DA:47,3
DA:49,6
DA:50,6
DA:51,6
DA:52,6
DA:53,3
LF:18
LH:18
end_of_record
SF:/Users/davidsedlar/dev/packages/webfeed/lib/domain/media/copyright.dart
DA:7,2
DA:12,2
DA:13,2
DA:14,2
DA:15,2
LF:5
LH:5
end_of_record
SF:/Users/davidsedlar/dev/packages/webfeed/lib/domain/media/credit.dart
DA:8,2
DA:14,2
DA:15,2
DA:16,2
DA:17,2
DA:18,2
LF:6
LH:6
end_of_record
SF:/Users/davidsedlar/dev/packages/webfeed/lib/domain/media/description.dart
DA:7,2
DA:12,2
DA:13,2
DA:14,2
DA:15,2
LF:5
LH:5
end_of_record
SF:/Users/davidsedlar/dev/packages/webfeed/lib/domain/media/embed.dart
DA:10,2
DA:17,2
DA:18,2
DA:19,2
DA:20,4
DA:21,4
DA:23,2
DA:24,6
DA:25,2
LF:9
LH:9
end_of_record
SF:/Users/davidsedlar/dev/packages/webfeed/lib/domain/media/param.dart
DA:7,2
DA:12,2
DA:13,2
DA:14,2
DA:15,2
LF:5
LH:5
end_of_record
SF:/Users/davidsedlar/dev/packages/webfeed/lib/domain/media/group.dart
DA:14,2
DA:21,2
DA:22,2
DA:24,2
DA:25,6
DA:26,2
DA:28,2
DA:29,6
DA:30,2
DA:32,2
DA:33,6
DA:34,2
DA:36,2
DA:37,6
DA:38,2
LF:15
LH:15
end_of_record
SF:/Users/davidsedlar/dev/packages/webfeed/lib/domain/media/rating.dart
DA:7,2
DA:12,2
DA:13,2
DA:14,2
DA:15,2
LF:5
LH:5
end_of_record
SF:/Users/davidsedlar/dev/packages/webfeed/lib/domain/media/hash.dart
DA:7,2
DA:12,2
DA:13,2
DA:14,2
DA:15,2
LF:5
LH:5
end_of_record
SF:/Users/davidsedlar/dev/packages/webfeed/lib/domain/media/license.dart
DA:8,2
DA:14,2
DA:15,2
DA:16,2
DA:17,2
DA:18,2
LF:6
LH:6
end_of_record
SF:/Users/davidsedlar/dev/packages/webfeed/lib/domain/media/peer_link.dart
DA:8,2
DA:14,2
DA:15,2
DA:16,2
DA:17,2
DA:18,2
LF:6
LH:6
end_of_record
SF:/Users/davidsedlar/dev/packages/webfeed/lib/domain/media/player.dart
DA:9,2
DA:16,2
DA:17,2
DA:18,2
DA:19,4
DA:20,4
DA:21,2
LF:7
LH:7
end_of_record
SF:/Users/davidsedlar/dev/packages/webfeed/lib/domain/media/price.dart
DA:9,2
DA:16,2
DA:17,2
DA:18,4
DA:19,2
DA:20,2
DA:21,2
LF:7
LH:7
end_of_record
SF:/Users/davidsedlar/dev/packages/webfeed/lib/domain/media/restriction.dart
DA:8,2
DA:14,2
DA:15,2
DA:16,2
DA:17,2
DA:18,2
LF:6
LH:6
end_of_record
SF:/Users/davidsedlar/dev/packages/webfeed/lib/domain/media/rights.dart
DA:6,2
DA:10,2
DA:11,2
DA:12,2
LF:4
LH:4
end_of_record
SF:/Users/davidsedlar/dev/packages/webfeed/lib/domain/media/scene.dart
DA:10,2
DA:17,2
DA:18,2
DA:19,6
DA:20,6
DA:21,6
DA:22,6
LF:7
LH:7
end_of_record
SF:/Users/davidsedlar/dev/packages/webfeed/lib/domain/media/status.dart
DA:7,2
DA:12,2
DA:13,2
DA:14,2
DA:15,2
LF:5
LH:5
end_of_record
SF:/Users/davidsedlar/dev/packages/webfeed/lib/domain/media/text.dart
DA:10,2
DA:18,2
DA:19,2
DA:20,2
DA:21,2
DA:22,2
DA:23,2
DA:24,2
LF:8
LH:8
end_of_record
SF:/Users/davidsedlar/dev/packages/webfeed/lib/domain/media/thumbnail.dart
DA:9,3
DA:16,3
DA:17,3
DA:18,3
DA:19,3
DA:20,3
DA:21,3
LF:7
LH:7
end_of_record
SF:/Users/davidsedlar/dev/packages/webfeed/lib/domain/media/title.dart
DA:7,2
DA:12,2
DA:13,2
DA:14,2
DA:15,2
LF:5
LH:5
end_of_record
SF:/Users/davidsedlar/dev/packages/webfeed/lib/domain/rss_category.dart
DA:7,2
DA:9,2
DA:10,2
DA:11,2
DA:13,2
LF:5
LH:5
end_of_record
SF:/Users/davidsedlar/dev/packages/webfeed/lib/domain/rss_cloud.dart
DA:10,1
DA:18,1
DA:19,1
DA:20,1
DA:21,1
DA:22,1
DA:23,1
DA:24,1
LF:8
LH:8
end_of_record
SF:/Users/davidsedlar/dev/packages/webfeed/lib/domain/rss_enclosure.dart
DA:8,2
DA:10,2
DA:11,2
DA:12,2
DA:13,4
DA:14,2
LF:6
LH:6
end_of_record
SF:/Users/davidsedlar/dev/packages/webfeed/lib/domain/rss_feed.dart
DA:40,2
DA:66,2
DA:68,2
DA:71,4
DA:72,4
DA:73,4
DA:76,2
DA:80,4
DA:82,0
DA:89,2
DA:90,2
DA:91,2
DA:92,2
DA:93,2
DA:94,2
DA:97,2
DA:100,2
DA:101,6
DA:102,2
DA:104,2
DA:107,2
DA:108,4
DA:109,2
DA:111,2
DA:112,6
DA:113,2
DA:115,2
DA:117,2
DA:119,2
DA:120,2
DA:121,2
DA:122,2
DA:123,2
DA:124,2
DA:125,2
DA:126,2
DA:127,2
DA:128,4
DA:131,2
DA:132,2
DA:133,2
DA:137,6
DA:142,2
DA:143,6
DA:147,2
DA:148,2
DA:149,10
DA:150,2
DA:153,2
DA:154,0
DA:155,0
DA:160,2
DA:161,0
DA:166,2
DA:168,2
DA:169,2
DA:171,1
DA:172,4
DA:173,3
DA:174,1
DA:176,0
DA:181,2
DA:183,2
DA:184,2
DA:186,1
DA:187,5
DA:188,4
DA:189,1
DA:191,0
DA:196,2
DA:199,1
DA:201,1
DA:206,2
DA:208,2
LF:74
LH:68
end_of_record
SF:/Users/davidsedlar/dev/packages/webfeed/lib/domain/rss_image.dart
DA:9,2
DA:11,2
DA:12,2
DA:13,6
DA:14,6
DA:15,6
LF:6
LH:6
end_of_record
SF:/Users/davidsedlar/dev/packages/webfeed/lib/domain/rss_item.dart
DA:30,2
DA:47,2
DA:49,2
DA:50,2
DA:51,2
DA:52,2
DA:54,2
DA:55,6
DA:56,2
DA:58,2
DA:61,2
DA:64,2
DA:65,2
DA:66,2
DA:68,2
DA:70,2
DA:73,2
DA:75,2
DA:77,2
DA:79,2
DA:80,2
DA:84,0
DA:86,0
DA:92,2
DA:93,6
DA:97,2
DA:99,2
DA:101,4
DA:102,2
DA:103,2
DA:104,2
DA:113,2
DA:115,2
DA:116,1
DA:123,2
DA:125,2
DA:129,2
DA:134,2
DA:137,2
DA:141,2
DA:143,2
DA:144,2
LF:42
LH:40
end_of_record
SF:/Users/davidsedlar/dev/packages/webfeed/lib/domain/syndication/syndication.dart
DA:12,2
DA:18,2
DA:20,5
DA:21,2
DA:24,2
DA:27,2
DA:30,2
DA:33,2
DA:40,2
DA:42,2
DA:43,5
DA:44,2
DA:45,5
LF:13
LH:13
end_of_record
SF:/Users/davidsedlar/dev/packages/webfeed/lib/domain/rss_source.dart
DA:7,1
DA:9,1
DA:10,1
DA:11,1
DA:13,1
LF:5
LH:5
end_of_record
